<?xml version="1.0" encoding="UTF-8"?>
<coverage generated="1543065854847" clover="3.2.0">
  <project timestamp="1543065854847" name="All files">
    <metrics statements="65" coveredstatements="50" conditionals="14" coveredconditionals="1" methods="23" coveredmethods="16" elements="102" coveredelements="67" complexity="0" loc="65" ncloc="65" packages="7" files="13" classes="13">
      <package name="task_3">
        <metrics statements="1" coveredstatements="1" conditionals="0" coveredconditionals="0" methods="0" coveredmethods="0"/>
        <file name="test-setup.js" path="/Users/emiliano/bonify-costanzo/task_3/test-setup.js">
          <metrics statements="1" coveredstatements="1" conditionals="0" coveredconditionals="0" methods="0" coveredmethods="0"/>
          <line num="6" count="3" type="stmt"/>
        </file>
      </package>
      <package name="task_3.src.Home">
        <metrics statements="17" coveredstatements="13" conditionals="2" coveredconditionals="1" methods="5" coveredmethods="3"/>
        <file name="styles.js" path="/Users/emiliano/bonify-costanzo/task_3/src/Home/styles.js">
          <metrics statements="8" coveredstatements="8" conditionals="0" coveredconditionals="0" methods="0" coveredmethods="0"/>
          <line num="3" count="1" type="stmt"/>
          <line num="5" count="1" type="stmt"/>
          <line num="22" count="1" type="stmt"/>
          <line num="28" count="1" type="stmt"/>
          <line num="32" count="1" type="stmt"/>
          <line num="36" count="1" type="stmt"/>
          <line num="54" count="1" type="stmt"/>
          <line num="57" count="1" type="stmt"/>
        </file>
        <file name="template.jsx" path="/Users/emiliano/bonify-costanzo/task_3/src/Home/template.jsx">
          <metrics statements="9" coveredstatements="5" conditionals="2" coveredconditionals="1" methods="5" coveredmethods="3"/>
          <line num="18" count="0" type="stmt"/>
          <line num="19" count="0" type="stmt"/>
          <line num="23" count="0" type="stmt"/>
          <line num="24" count="0" type="stmt"/>
          <line num="27" count="6" type="stmt"/>
          <line num="30" count="1" type="stmt"/>
          <line num="31" count="1" type="stmt"/>
          <line num="32" count="1" type="stmt"/>
          <line num="70" count="1" type="stmt"/>
        </file>
      </package>
      <package name="task_3.src.Home.History">
        <metrics statements="11" coveredstatements="6" conditionals="6" coveredconditionals="0" methods="3" coveredmethods="0"/>
        <file name="index.jsx" path="/Users/emiliano/bonify-costanzo/task_3/src/Home/History/index.jsx">
          <metrics statements="5" coveredstatements="1" conditionals="4" coveredconditionals="0" methods="2" coveredmethods="0"/>
          <line num="7" count="0" type="stmt"/>
          <line num="8" count="0" type="stmt"/>
          <line num="9" count="0" type="stmt"/>
          <line num="18" count="0" type="stmt"/>
          <line num="33" count="1" type="stmt"/>
        </file>
        <file name="styles.js" path="/Users/emiliano/bonify-costanzo/task_3/src/Home/History/styles.js">
          <metrics statements="6" coveredstatements="5" conditionals="2" coveredconditionals="0" methods="1" coveredmethods="0"/>
          <line num="3" count="1" type="stmt"/>
          <line num="5" count="1" type="stmt"/>
          <line num="11" count="1" type="stmt"/>
          <line num="16" count="1" type="stmt"/>
          <line num="20" count="0" type="cond" truecount="0" falsecount="2"/>
          <line num="23" count="1" type="stmt"/>
        </file>
      </package>
      <package name="task_3.src.Home.Map">
        <metrics statements="8" coveredstatements="8" conditionals="0" coveredconditionals="0" methods="3" coveredmethods="3"/>
        <file name="index.jsx" path="/Users/emiliano/bonify-costanzo/task_3/src/Home/Map/index.jsx">
          <metrics statements="6" coveredstatements="6" conditionals="0" coveredconditionals="0" methods="3" coveredmethods="3"/>
          <line num="8" count="1" type="stmt"/>
          <line num="9" count="1" type="stmt"/>
          <line num="10" count="3" type="stmt"/>
          <line num="15" count="1" type="stmt"/>
          <line num="16" count="1" type="stmt"/>
          <line num="31" count="2" type="stmt"/>
        </file>
        <file name="styles.js" path="/Users/emiliano/bonify-costanzo/task_3/src/Home/Map/styles.js">
          <metrics statements="2" coveredstatements="2" conditionals="0" coveredconditionals="0" methods="0" coveredmethods="0"/>
          <line num="3" count="2" type="stmt"/>
          <line num="8" count="2" type="stmt"/>
        </file>
      </package>
      <package name="task_3.src.Home.Video">
        <metrics statements="7" coveredstatements="7" conditionals="0" coveredconditionals="0" methods="2" coveredmethods="2"/>
        <file name="index.jsx" path="/Users/emiliano/bonify-costanzo/task_3/src/Home/Video/index.jsx">
          <metrics statements="4" coveredstatements="4" conditionals="0" coveredconditionals="0" methods="2" coveredmethods="2"/>
          <line num="7" count="1" type="stmt"/>
          <line num="8" count="1" type="stmt"/>
          <line num="11" count="5" type="stmt"/>
          <line num="27" count="2" type="stmt"/>
        </file>
        <file name="styles.js" path="/Users/emiliano/bonify-costanzo/task_3/src/Home/Video/styles.js">
          <metrics statements="3" coveredstatements="3" conditionals="0" coveredconditionals="0" methods="0" coveredmethods="0"/>
          <line num="3" count="2" type="stmt"/>
          <line num="9" count="2" type="stmt"/>
          <line num="15" count="2" type="stmt"/>
        </file>
      </package>
      <package name="task_3.src.Home.redux">
        <metrics statements="9" coveredstatements="3" conditionals="6" coveredconditionals="0" methods="1" coveredmethods="0"/>
        <file name="actions.js" path="/Users/emiliano/bonify-costanzo/task_3/src/Home/redux/actions.js">
          <metrics statements="1" coveredstatements="1" conditionals="0" coveredconditionals="0" methods="0" coveredmethods="0"/>
          <line num="1" count="1" type="stmt"/>
        </file>
        <file name="reducer.js" path="/Users/emiliano/bonify-costanzo/task_3/src/Home/redux/reducer.js">
          <metrics statements="8" coveredstatements="2" conditionals="6" coveredconditionals="0" methods="1" coveredmethods="0"/>
          <line num="3" count="1" type="stmt"/>
          <line num="5" count="1" type="stmt"/>
          <line num="12" count="0" type="cond" truecount="0" falsecount="5"/>
          <line num="14" count="0" type="stmt"/>
          <line num="16" count="0" type="stmt"/>
          <line num="18" count="0" type="stmt"/>
          <line num="20" count="0" type="stmt"/>
          <line num="22" count="0" type="stmt"/>
        </file>
      </package>
      <package name="task_3.src.reduxUtils">
        <metrics statements="12" coveredstatements="12" conditionals="0" coveredconditionals="0" methods="9" coveredmethods="8"/>
        <file name="actions.js" path="/Users/emiliano/bonify-costanzo/task_3/src/reduxUtils/actions.js">
          <metrics statements="1" coveredstatements="1" conditionals="0" coveredconditionals="0" methods="0" coveredmethods="0"/>
          <line num="4" count="1" type="stmt"/>
        </file>
        <file name="actionsUtils.js" path="/Users/emiliano/bonify-costanzo/task_3/src/reduxUtils/actionsUtils.js">
          <metrics statements="11" coveredstatements="11" conditionals="0" coveredconditionals="0" methods="9" coveredmethods="8"/>
          <line num="1" count="15" type="stmt"/>
          <line num="6" count="1" type="stmt"/>
          <line num="7" count="1" type="stmt"/>
          <line num="8" count="5" type="stmt"/>
          <line num="23" count="1" type="stmt"/>
          <line num="24" count="1" type="stmt"/>
          <line num="25" count="5" type="stmt"/>
          <line num="26" count="5" type="stmt"/>
          <line num="29" count="1" type="stmt"/>
          <line num="30" count="1" type="stmt"/>
          <line num="31" count="1" type="stmt"/>
        </file>
      </package>
    </metrics>
  </project>
</coverage>
