{"/Users/emiliano/bonify-costanzo/task_3/test-setup.js": {"path":"/Users/emiliano/bonify-costanzo/task_3/test-setup.js","statementMap":{"0":{"start":{"line":6,"column":0},"end":{"line":6,"column":38}}},"fnMap":{},"branchMap":{},"s":{"0":3},"f":{},"b":{},"_coverageSchema":"332fd63041d2c1bcb487cc26dd0d5f7d97098a6c","hash":"6a042b1ba97d0badf5fa976660f88d1a8124b709"}
,"/Users/emiliano/bonify-costanzo/task_3/src/Home/styles.js": {"path":"/Users/emiliano/bonify-costanzo/task_3/src/Home/styles.js","statementMap":{"0":{"start":{"line":3,"column":18},"end":{"line":3,"column":27}},"1":{"start":{"line":5,"column":20},"end":{"line":20,"column":1}},"2":{"start":{"line":22,"column":14},"end":{"line":26,"column":1}},"3":{"start":{"line":28,"column":21},"end":{"line":30,"column":1}},"4":{"start":{"line":32,"column":23},"end":{"line":34,"column":1}},"5":{"start":{"line":36,"column":18},"end":{"line":52,"column":1}},"6":{"start":{"line":54,"column":16},"end":{"line":56,"column":1}},"7":{"start":{"line":57,"column":16},"end":{"line":60,"column":1}}},"fnMap":{},"branchMap":{},"s":{"0":1,"1":1,"2":1,"3":1,"4":1,"5":1,"6":1,"7":1},"f":{},"b":{},"_coverageSchema":"332fd63041d2c1bcb487cc26dd0d5f7d97098a6c","hash":"fda44893eaf1d0e22b1d51ba6514e1a84a3ad3c5"}
,"/Users/emiliano/bonify-costanzo/task_3/src/Home/template.jsx": {"path":"/Users/emiliano/bonify-costanzo/task_3/src/Home/template.jsx","statementMap":{"0":{"start":{"line":18,"column":28},"end":{"line":18,"column":38}},"1":{"start":{"line":19,"column":4},"end":{"line":19,"column":44}},"2":{"start":{"line":23,"column":31},"end":{"line":23,"column":41}},"3":{"start":{"line":24,"column":4},"end":{"line":24,"column":47}},"4":{"start":{"line":27,"column":37},"end":{"line":27,"column":82}},"5":{"start":{"line":27,"column":66},"end":{"line":27,"column":81}},"6":{"start":{"line":30,"column":41},"end":{"line":30,"column":51}},"7":{"start":{"line":31,"column":27},"end":{"line":31,"column":60}},"8":{"start":{"line":32,"column":4},"end":{"line":66,"column":6}},"9":{"start":{"line":70,"column":0},"end":{"line":76,"column":2}}},"fnMap":{"0":{"name":"(anonymous_0)","decl":{"start":{"line":17,"column":22},"end":{"line":17,"column":23}},"loc":{"start":{"line":17,"column":29},"end":{"line":20,"column":3}},"line":17},"1":{"name":"(anonymous_1)","decl":{"start":{"line":22,"column":25},"end":{"line":22,"column":26}},"loc":{"start":{"line":22,"column":32},"end":{"line":25,"column":3}},"line":22},"2":{"name":"(anonymous_2)","decl":{"start":{"line":27,"column":22},"end":{"line":27,"column":23}},"loc":{"start":{"line":27,"column":37},"end":{"line":27,"column":82}},"line":27},"3":{"name":"(anonymous_3)","decl":{"start":{"line":27,"column":52},"end":{"line":27,"column":53}},"loc":{"start":{"line":27,"column":66},"end":{"line":27,"column":81}},"line":27},"4":{"name":"(anonymous_4)","decl":{"start":{"line":29,"column":2},"end":{"line":29,"column":3}},"loc":{"start":{"line":29,"column":11},"end":{"line":67,"column":3}},"line":29}},"branchMap":{"0":{"loc":{"start":{"line":39,"column":14},"end":{"line":44,"column":19}},"type":"cond-expr","locations":[{"start":{"line":40,"column":18},"end":{"line":40,"column":94}},{"start":{"line":41,"column":18},"end":{"line":44,"column":19}}],"line":39}},"s":{"0":0,"1":0,"2":0,"3":0,"4":2,"5":6,"6":1,"7":1,"8":1,"9":1},"f":{"0":0,"1":0,"2":2,"3":6,"4":1},"b":{"0":[1,0]},"_coverageSchema":"332fd63041d2c1bcb487cc26dd0d5f7d97098a6c","hash":"61212dc426a4459c2ea5de2665523e5423318311"}
,"/Users/emiliano/bonify-costanzo/task_3/src/Home/History/index.jsx": {"path":"/Users/emiliano/bonify-costanzo/task_3/src/Home/History/index.jsx","statementMap":{"0":{"start":{"line":7,"column":52},"end":{"line":7,"column":62}},"1":{"start":{"line":8,"column":27},"end":{"line":8,"column":55}},"2":{"start":{"line":9,"column":4},"end":{"line":30,"column":6}},"3":{"start":{"line":18,"column":14},"end":{"line":26,"column":28}},"4":{"start":{"line":33,"column":0},"end":{"line":37,"column":2}}},"fnMap":{"0":{"name":"(anonymous_0)","decl":{"start":{"line":6,"column":2},"end":{"line":6,"column":3}},"loc":{"start":{"line":6,"column":11},"end":{"line":31,"column":3}},"line":6},"1":{"name":"(anonymous_1)","decl":{"start":{"line":17,"column":17},"end":{"line":17,"column":18}},"loc":{"start":{"line":18,"column":14},"end":{"line":26,"column":28}},"line":18}},"branchMap":{"0":{"loc":{"start":{"line":11,"column":9},"end":{"line":11,"column":84}},"type":"binary-expr","locations":[{"start":{"line":11,"column":9},"end":{"line":11,"column":16}},{"start":{"line":11,"column":20},"end":{"line":11,"column":84}}],"line":11},"1":{"loc":{"start":{"line":21,"column":18},"end":{"line":22,"column":71}},"type":"binary-expr","locations":[{"start":{"line":21,"column":18},"end":{"line":21,"column":71}},{"start":{"line":22,"column":18},"end":{"line":22,"column":71}}],"line":21}},"s":{"0":0,"1":0,"2":0,"3":0,"4":1},"f":{"0":0,"1":0},"b":{"0":[0,0],"1":[0,0]},"_coverageSchema":"332fd63041d2c1bcb487cc26dd0d5f7d97098a6c","hash":"de9f219fe190510ad9e81e270c15119fdd8ff3c9"}
,"/Users/emiliano/bonify-costanzo/task_3/src/Home/History/styles.js": {"path":"/Users/emiliano/bonify-costanzo/task_3/src/Home/History/styles.js","statementMap":{"0":{"start":{"line":3,"column":18},"end":{"line":3,"column":27}},"1":{"start":{"line":5,"column":25},"end":{"line":10,"column":1}},"2":{"start":{"line":11,"column":21},"end":{"line":15,"column":1}},"3":{"start":{"line":16,"column":20},"end":{"line":21,"column":1}},"4":{"start":{"line":20,"column":28},"end":{"line":20,"column":68}},"5":{"start":{"line":23,"column":14},"end":{"line":26,"column":1}}},"fnMap":{"0":{"name":"(anonymous_0)","decl":{"start":{"line":20,"column":16},"end":{"line":20,"column":17}},"loc":{"start":{"line":20,"column":28},"end":{"line":20,"column":68}},"line":20}},"branchMap":{"0":{"loc":{"start":{"line":20,"column":28},"end":{"line":20,"column":68}},"type":"cond-expr","locations":[{"start":{"line":20,"column":43},"end":{"line":20,"column":52}},{"start":{"line":20,"column":55},"end":{"line":20,"column":68}}],"line":20}},"s":{"0":1,"1":1,"2":1,"3":1,"4":0,"5":1},"f":{"0":0},"b":{"0":[0,0]},"_coverageSchema":"332fd63041d2c1bcb487cc26dd0d5f7d97098a6c","hash":"ffdd5327b93deebedef5ab854cc573788bb08569"}
,"/Users/emiliano/bonify-costanzo/task_3/src/Home/Map/index.jsx": {"path":"/Users/emiliano/bonify-costanzo/task_3/src/Home/Map/index.jsx","statementMap":{"0":{"start":{"line":8,"column":26},"end":{"line":8,"column":36}},"1":{"start":{"line":9,"column":4},"end":{"line":11,"column":7}},"2":{"start":{"line":10,"column":6},"end":{"line":10,"column":90}},"3":{"start":{"line":15,"column":38},"end":{"line":15,"column":48}},"4":{"start":{"line":16,"column":4},"end":{"line":27,"column":6}},"5":{"start":{"line":31,"column":0},"end":{"line":35,"column":2}}},"fnMap":{"0":{"name":"(anonymous_0)","decl":{"start":{"line":7,"column":18},"end":{"line":7,"column":19}},"loc":{"start":{"line":7,"column":24},"end":{"line":12,"column":3}},"line":7},"1":{"name":"(anonymous_1)","decl":{"start":{"line":9,"column":25},"end":{"line":9,"column":26}},"loc":{"start":{"line":10,"column":6},"end":{"line":10,"column":90}},"line":10},"2":{"name":"(anonymous_2)","decl":{"start":{"line":14,"column":2},"end":{"line":14,"column":3}},"loc":{"start":{"line":14,"column":11},"end":{"line":28,"column":3}},"line":14}},"branchMap":{},"s":{"0":1,"1":1,"2":3,"3":1,"4":1,"5":2},"f":{"0":1,"1":3,"2":1},"b":{},"_coverageSchema":"332fd63041d2c1bcb487cc26dd0d5f7d97098a6c","hash":"11711ee026a290ddb02b6cbad42624e85a39635a"}
,"/Users/emiliano/bonify-costanzo/task_3/src/Home/Map/styles.js": {"path":"/Users/emiliano/bonify-costanzo/task_3/src/Home/Map/styles.js","statementMap":{"0":{"start":{"line":3,"column":21},"end":{"line":6,"column":1}},"1":{"start":{"line":8,"column":15},"end":{"line":13,"column":1}}},"fnMap":{},"branchMap":{},"s":{"0":2,"1":2},"f":{},"b":{},"_coverageSchema":"332fd63041d2c1bcb487cc26dd0d5f7d97098a6c","hash":"19793a7813f9b568a72d874604014a0184b36bd1"}
,"/Users/emiliano/bonify-costanzo/task_3/src/Home/Video/index.jsx": {"path":"/Users/emiliano/bonify-costanzo/task_3/src/Home/Video/index.jsx","statementMap":{"0":{"start":{"line":7,"column":23},"end":{"line":7,"column":33}},"1":{"start":{"line":8,"column":4},"end":{"line":23,"column":6}},"2":{"start":{"line":11,"column":10},"end":{"line":20,"column":17}},"3":{"start":{"line":27,"column":0},"end":{"line":29,"column":2}}},"fnMap":{"0":{"name":"(anonymous_0)","decl":{"start":{"line":6,"column":2},"end":{"line":6,"column":3}},"loc":{"start":{"line":6,"column":11},"end":{"line":24,"column":3}},"line":6},"1":{"name":"(anonymous_1)","decl":{"start":{"line":10,"column":20},"end":{"line":10,"column":21}},"loc":{"start":{"line":11,"column":10},"end":{"line":20,"column":17}},"line":11}},"branchMap":{},"s":{"0":1,"1":1,"2":5,"3":2},"f":{"0":1,"1":5},"b":{},"_coverageSchema":"332fd63041d2c1bcb487cc26dd0d5f7d97098a6c","hash":"c8d849f858bfdbd7d15f13e0ea19fad4fc831b48"}
,"/Users/emiliano/bonify-costanzo/task_3/src/Home/Video/styles.js": {"path":"/Users/emiliano/bonify-costanzo/task_3/src/Home/Video/styles.js","statementMap":{"0":{"start":{"line":3,"column":13},"end":{"line":7,"column":1}},"1":{"start":{"line":9,"column":23},"end":{"line":13,"column":1}},"2":{"start":{"line":15,"column":19},"end":{"line":17,"column":1}}},"fnMap":{},"branchMap":{},"s":{"0":2,"1":2,"2":2},"f":{},"b":{},"_coverageSchema":"332fd63041d2c1bcb487cc26dd0d5f7d97098a6c","hash":"a735cbdc9530b4a406868a279019669a2c3a32fd"}
,"/Users/emiliano/bonify-costanzo/task_3/src/Home/redux/actions.js": {"path":"/Users/emiliano/bonify-costanzo/task_3/src/Home/redux/actions.js","statementMap":{"0":{"start":{"line":1,"column":16},"end":{"line":9,"column":1}}},"fnMap":{},"branchMap":{},"s":{"0":1},"f":{},"b":{},"_coverageSchema":"332fd63041d2c1bcb487cc26dd0d5f7d97098a6c","hash":"bf411f5aeadc69decaf6ba4915f4e805bdc5f9e1"}
,"/Users/emiliano/bonify-costanzo/task_3/src/Home/redux/reducer.js": {"path":"/Users/emiliano/bonify-costanzo/task_3/src/Home/redux/reducer.js","statementMap":{"0":{"start":{"line":3,"column":20},"end":{"line":3,"column":32}},"1":{"start":{"line":5,"column":21},"end":{"line":9,"column":1}},"2":{"start":{"line":12,"column":2},"end":{"line":23,"column":3}},"3":{"start":{"line":14,"column":6},"end":{"line":14,"column":64}},"4":{"start":{"line":16,"column":6},"end":{"line":16,"column":49}},"5":{"start":{"line":18,"column":6},"end":{"line":18,"column":53}},"6":{"start":{"line":20,"column":6},"end":{"line":20,"column":50}},"7":{"start":{"line":22,"column":6},"end":{"line":22,"column":19}}},"fnMap":{"0":{"name":"(anonymous_0)","decl":{"start":{"line":11,"column":15},"end":{"line":11,"column":16}},"loc":{"start":{"line":11,"column":49},"end":{"line":24,"column":1}},"line":11}},"branchMap":{"0":{"loc":{"start":{"line":11,"column":16},"end":{"line":11,"column":36}},"type":"default-arg","locations":[{"start":{"line":11,"column":24},"end":{"line":11,"column":36}}],"line":11},"1":{"loc":{"start":{"line":12,"column":2},"end":{"line":23,"column":3}},"type":"switch","locations":[{"start":{"line":13,"column":4},"end":{"line":14,"column":64}},{"start":{"line":15,"column":4},"end":{"line":16,"column":49}},{"start":{"line":17,"column":4},"end":{"line":18,"column":53}},{"start":{"line":19,"column":4},"end":{"line":20,"column":50}},{"start":{"line":21,"column":4},"end":{"line":22,"column":19}}],"line":12}},"s":{"0":1,"1":1,"2":0,"3":0,"4":0,"5":0,"6":0,"7":0},"f":{"0":0},"b":{"0":[0],"1":[0,0,0,0,0]},"_coverageSchema":"332fd63041d2c1bcb487cc26dd0d5f7d97098a6c","hash":"3661cabfb7aaac7c26999d85f5e8dcb1f59bd0de"}
,"/Users/emiliano/bonify-costanzo/task_3/src/reduxUtils/actions.js": {"path":"/Users/emiliano/bonify-costanzo/task_3/src/reduxUtils/actions.js","statementMap":{"0":{"start":{"line":4,"column":16},"end":{"line":6,"column":1}}},"fnMap":{},"branchMap":{},"s":{"0":1},"f":{},"b":{},"_coverageSchema":"332fd63041d2c1bcb487cc26dd0d5f7d97098a6c","hash":"96b874bf67a5b8ec57be9668a45612153bfb1ab6"}
,"/Users/emiliano/bonify-costanzo/task_3/src/reduxUtils/actionsUtils.js": {"path":"/Users/emiliano/bonify-costanzo/task_3/src/reduxUtils/actionsUtils.js","statementMap":{"0":{"start":{"line":1,"column":16},"end":{"line":4,"column":2}},"1":{"start":{"line":1,"column":26},"end":{"line":4,"column":2}},"2":{"start":{"line":1,"column":40},"end":{"line":4,"column":1}},"3":{"start":{"line":6,"column":32},"end":{"line":21,"column":3}},"4":{"start":{"line":7,"column":2},"end":{"line":21,"column":3}},"5":{"start":{"line":8,"column":20},"end":{"line":19,"column":5}},"6":{"start":{"line":23,"column":28},"end":{"line":27,"column":13}},"7":{"start":{"line":24,"column":2},"end":{"line":27,"column":13}},"8":{"start":{"line":25,"column":4},"end":{"line":25,"column":35}},"9":{"start":{"line":26,"column":4},"end":{"line":26,"column":15}},"10":{"start":{"line":29,"column":16},"end":{"line":29,"column":66}},"11":{"start":{"line":29,"column":26},"end":{"line":29,"column":66}},"12":{"start":{"line":29,"column":46},"end":{"line":29,"column":66}},"13":{"start":{"line":30,"column":13},"end":{"line":30,"column":46}},"14":{"start":{"line":30,"column":26},"end":{"line":30,"column":46}},"15":{"start":{"line":31,"column":19},"end":{"line":34,"column":1}}},"fnMap":{"0":{"name":"(anonymous_0)","decl":{"start":{"line":1,"column":16},"end":{"line":1,"column":17}},"loc":{"start":{"line":1,"column":26},"end":{"line":4,"column":2}},"line":1},"1":{"name":"(anonymous_1)","decl":{"start":{"line":1,"column":26},"end":{"line":1,"column":27}},"loc":{"start":{"line":1,"column":40},"end":{"line":4,"column":1}},"line":1},"2":{"name":"(anonymous_2)","decl":{"start":{"line":6,"column":32},"end":{"line":6,"column":33}},"loc":{"start":{"line":7,"column":2},"end":{"line":21,"column":3}},"line":7},"3":{"name":"(anonymous_3)","decl":{"start":{"line":8,"column":4},"end":{"line":8,"column":5}},"loc":{"start":{"line":8,"column":20},"end":{"line":19,"column":5}},"line":8},"4":{"name":"(anonymous_4)","decl":{"start":{"line":23,"column":28},"end":{"line":23,"column":29}},"loc":{"start":{"line":24,"column":2},"end":{"line":27,"column":13}},"line":24},"5":{"name":"(anonymous_5)","decl":{"start":{"line":24,"column":30},"end":{"line":24,"column":31}},"loc":{"start":{"line":24,"column":45},"end":{"line":27,"column":3}},"line":24},"6":{"name":"(anonymous_6)","decl":{"start":{"line":29,"column":16},"end":{"line":29,"column":17}},"loc":{"start":{"line":29,"column":26},"end":{"line":29,"column":66}},"line":29},"7":{"name":"(anonymous_7)","decl":{"start":{"line":29,"column":26},"end":{"line":29,"column":27}},"loc":{"start":{"line":29,"column":46},"end":{"line":29,"column":66}},"line":29},"8":{"name":"(anonymous_8)","decl":{"start":{"line":30,"column":13},"end":{"line":30,"column":14}},"loc":{"start":{"line":30,"column":26},"end":{"line":30,"column":46}},"line":30}},"branchMap":{},"s":{"0":1,"1":15,"2":0,"3":1,"4":1,"5":5,"6":1,"7":1,"8":5,"9":5,"10":1,"11":1,"12":1,"13":1,"14":1,"15":1},"f":{"0":15,"1":0,"2":1,"3":5,"4":1,"5":5,"6":1,"7":1,"8":1},"b":{},"_coverageSchema":"332fd63041d2c1bcb487cc26dd0d5f7d97098a6c","hash":"b92f0a83009de15b67731c8b52fac81dc6d34f50"}
}
